[23708:18740:1215/172115.501:ERROR:device_event_log_impl.cc(211)] [17:21:15.501] USB: usb_device_handle_win.cc:1020 Failed to read descriptor from node connection: A device attached to the system is not functioning. (0x1F)
[23708:18740:1215/172115.509:ERROR:device_event_log_impl.cc(211)] [17:21:15.509] USB: usb_device_handle_win.cc:1020 Failed to read descriptor from node connection: A device attached to the system is not functioning. (0x1F)
[23708:18740:1215/172119.712:INFO:CONSOLE(116)] "[object Proxy]", source: https://proximus--prxitt.lightning.force.com/lightning/page/components/success/motivatePerformance.js (116)
[23708:18740:1215/172119.715:INFO:CONSOLE(223)] "[object Proxy]", source: https://proximus--prxitt.lightning.force.com/lightning/page/components/success/motivatePerformance.js (223)
[23708:18740:1215/172119.991:INFO:CONSOLE(0)] "Notifications permission has been blocked as the user has ignored the permission prompt several times. This can be reset in Page Info which can be accessed by clicking the lock icon next to the URL. See https://www.chromestatus.com/features/6443143280984064 for more information.", source: https://proximus--prxitt.lightning.force.com/lightning/page/home (0)
[23708:18740:1215/172120.261:INFO:CONSOLE(37)] "[object Object]", source: https://proximus--prxitt.lightning.force.com/libraries/instrumentation/beaconLib.BeaconLibrary.js (37)
[23708:18740:1215/172123.337:INFO:CONSOLE(116)] "[object Proxy]", source: https://proximus--prxitt.lightning.force.com/lightning/r/Account/0013M000004hDSQQA2/components/success/motivatePerformance.js (116)
[23708:18740:1215/172123.339:INFO:CONSOLE(223)] "[object Proxy]", source: https://proximus--prxitt.lightning.force.com/lightning/r/Account/0013M000004hDSQQA2/components/success/motivatePerformance.js (223)
[23708:18740:1215/172123.784:INFO:CONSOLE(4)] "CCB()=CPQ-5224=recordId=0013M000004hDSQQA2", source: https://proximus--prxitt.lightning.force.com/lightning/r/Account/0013M000004hDSQQA2/modules/c/pRX_CustomFrameAgreementsRelatedList.js (4)
[23708:18740:1215/172123.787:INFO:CONSOLE(4)] "CCB()=window.location.origin==https://proximus--prxitt.lightning.force.com", source: https://proximus--prxitt.lightning.force.com/lightning/r/Account/0013M000004hDSQQA2/modules/c/pRX_CustomFrameAgreementsRelatedList.js (4)
[23708:18740:1215/172123.788:INFO:CONSOLE(4)] "CCB()=isCommunityUser==false", source: https://proximus--prxitt.lightning.force.com/lightning/r/Account/0013M000004hDSQQA2/modules/c/pRX_CustomFrameAgreementsRelatedList.js (4)
[23708:18740:1215/172123.788:INFO:CONSOLE(4)] "CCB()=this.viewAllLink=undefined", source: https://proximus--prxitt.lightning.force.com/lightning/r/Account/0013M000004hDSQQA2/modules/c/pRX_CustomFrameAgreementsRelatedList.js (4)
[23708:18740:1215/172123.926:INFO:CONSOLE(4)] "wireuser()=US-->getRecord()-->this.profileName-->PRX_Sales User Profile", source: https://proximus--prxitt.lightning.force.com/lightning/r/Account/0013M000004hDSQQA2/modules/c/pRX_CustomFrameAgreementsRelatedList.js (4)
[23708:18740:1215/172123.927:INFO:CONSOLE(4)] "wireuser()=isCommunityUser is false==false", source: https://proximus--prxitt.lightning.force.com/lightning/r/Account/0013M000004hDSQQA2/modules/c/pRX_CustomFrameAgreementsRelatedList.js (4)
[23708:18740:1215/172123.927:INFO:CONSOLE(4)] "wireuser()=this.isCommunityUser=====>false", source: https://proximus--prxitt.lightning.force.com/lightning/r/Account/0013M000004hDSQQA2/modules/c/pRX_CustomFrameAgreementsRelatedList.js (4)
[23708:18740:1215/172123.928:INFO:CONSOLE(4)] "wireuser()=this.viewAllLink=====>https://proximus--prxitt.lightning.force.com/lightning/n/PRX_CustomFrameAgreementsViewAll?c__companyId=0013M000004hDSQQA2&c__isCommunityUser=false", source: https://proximus--prxitt.lightning.force.com/lightning/r/Account/0013M000004hDSQQA2/modules/c/pRX_CustomFrameAgreementsRelatedList.js (4)
[23708:18740:1215/172124.155:INFO:CONSOLE(4)] "CCB()=tempRecordsList=[object Object],[object Object]", source: https://proximus--prxitt.lightning.force.com/lightning/r/Account/0013M000004hDSQQA2/modules/c/pRX_CustomFrameAgreementsRelatedList.js (4)
[23708:18740:1215/172124.156:INFO:CONSOLE(4)] "CCB()=CPQ-5224=limitedAgreements=[{"id":"a5P3M0000000ATrUAM","PRX_Agreement_id__c":"029071","PRX_Type__c":"Customer Agreement","PRX_Status__c":"Draft","Link":"https://proximus--prxitt.lightning.force.com/lightning/r/csconta__Frame_Agreement__c/a1p3M0000004WrEQAU/view"},{"id":"a5P3M0000000AThUAM","PRX_Agreement_id__c":"029072","PRX_Type__c":"Frame Agreement","PRX_Status__c":"Draft","Link":"https://proximus--prxitt.lightning.force.com/lightning/r/csconta__Frame_Agreement__c/a1p3M0000004WrJQAU/view"}]", source: https://proximus--prxitt.lightning.force.com/lightning/r/Account/0013M000004hDSQQA2/modules/c/pRX_CustomFrameAgreementsRelatedList.js (4)
[23708:18740:1215/172125.425:INFO:CONSOLE(42)] "[object Proxy]", source: https://proximus--prxitt.lightning.force.com/lightning/r/Account/0013M000004hDSQQA2/components/success/motivateNudges.js (42)
[23708:18740:1215/172125.432:INFO:CONSOLE(57)] "[object Proxy]", source: https://proximus--prxitt.lightning.force.com/lightning/r/Account/0013M000004hDSQQA2/components/success/motivateTrophyCabinet.js (57)
[23708:18740:1215/172126.000:INFO:CONSOLE(154)] "[LEXI:navigator:communication] waiting for connection on page /apex/PRX_AccountTeamRelatedList", source: https://proximus--prxitt--c.visualforce.com/jslibrary/1595877224228/sfdc/AuraAlohaFrameNavigator.js (154)
[23708:18740:1215/172126.343:INFO:CONSOLE(0)] "Notifications permission has been blocked as the user has ignored the permission prompt several times. This can be reset in Page Info which can be accessed by clicking the lock icon next to the URL. See https://www.chromestatus.com/features/6443143280984064 for more information.", source: https://proximus--prxitt.lightning.force.com/lightning/r/Account/0013M000004hDSQQA2/view (0)
[23708:18740:1215/172126.355:INFO:CONSOLE(155)] "[LEXI:navigator:communication] connection established on page /apex/PRX_AccountTeamRelatedList.  Lightning Message Service enabled: true", source: https://proximus--prxitt--c.visualforce.com/jslibrary/1595877224228/sfdc/AuraAlohaFrameNavigator.js (155)
[23708:18740:1215/172126.451:INFO:CONSOLE(37)] "[object Object]", source: https://proximus--prxitt.lightning.force.com/libraries/instrumentation/beaconLib.BeaconLibrary.js (37)
[23708:18740:1215/172128.990:INFO:CONSOLE(116)] "[object Proxy]", source: https://proximus--prxitt.lightning.force.com/lightning/action/quick/components/success/motivatePerformance.js (116)
[23708:18740:1215/172128.996:INFO:CONSOLE(223)] "[object Proxy]", source: https://proximus--prxitt.lightning.force.com/lightning/action/quick/components/success/motivatePerformance.js (223)
[23708:18740:1215/172129.493:INFO:CONSOLE(4)] "CCB()=CPQ-5224=recordId=0013M000004hDSQQA2", source: https://proximus--prxitt.lightning.force.com/lightning/action/quick/modules/c/pRX_CustomFrameAgreementsRelatedList.js (4)
[23708:18740:1215/172129.495:INFO:CONSOLE(4)] "CCB()=window.location.origin==https://proximus--prxitt.lightning.force.com", source: https://proximus--prxitt.lightning.force.com/lightning/action/quick/modules/c/pRX_CustomFrameAgreementsRelatedList.js (4)
[23708:18740:1215/172129.496:INFO:CONSOLE(4)] "CCB()=isCommunityUser==false", source: https://proximus--prxitt.lightning.force.com/lightning/action/quick/modules/c/pRX_CustomFrameAgreementsRelatedList.js (4)
[23708:18740:1215/172129.496:INFO:CONSOLE(4)] "CCB()=this.viewAllLink=undefined", source: https://proximus--prxitt.lightning.force.com/lightning/action/quick/modules/c/pRX_CustomFrameAgreementsRelatedList.js (4)
[23708:18740:1215/172129.620:INFO:CONSOLE(4)] "wireuser()=US-->getRecord()-->this.profileName-->PRX_Sales User Profile", source: https://proximus--prxitt.lightning.force.com/lightning/action/quick/modules/c/pRX_CustomFrameAgreementsRelatedList.js (4)
[23708:18740:1215/172129.620:INFO:CONSOLE(4)] "wireuser()=isCommunityUser is false==false", source: https://proximus--prxitt.lightning.force.com/lightning/action/quick/modules/c/pRX_CustomFrameAgreementsRelatedList.js (4)
[23708:18740:1215/172129.620:INFO:CONSOLE(4)] "wireuser()=this.isCommunityUser=====>false", source: https://proximus--prxitt.lightning.force.com/lightning/action/quick/modules/c/pRX_CustomFrameAgreementsRelatedList.js (4)
[23708:18740:1215/172129.620:INFO:CONSOLE(4)] "wireuser()=this.viewAllLink=====>https://proximus--prxitt.lightning.force.com/lightning/n/PRX_CustomFrameAgreementsViewAll?c__companyId=0013M000004hDSQQA2&c__isCommunityUser=false", source: https://proximus--prxitt.lightning.force.com/lightning/action/quick/modules/c/pRX_CustomFrameAgreementsRelatedList.js (4)
[23708:18740:1215/172130.202:INFO:CONSOLE(4)] "CCB()=tempRecordsList=[object Object],[object Object]", source: https://proximus--prxitt.lightning.force.com/lightning/action/quick/modules/c/pRX_CustomFrameAgreementsRelatedList.js (4)
[23708:18740:1215/172130.203:INFO:CONSOLE(4)] "CCB()=CPQ-5224=limitedAgreements=[{"id":"a5P3M0000000ATrUAM","PRX_Agreement_id__c":"029071","PRX_Type__c":"Customer Agreement","PRX_Status__c":"Draft","Link":"https://proximus--prxitt.lightning.force.com/lightning/r/csconta__Frame_Agreement__c/a1p3M0000004WrEQAU/view"},{"id":"a5P3M0000000AThUAM","PRX_Agreement_id__c":"029072","PRX_Type__c":"Frame Agreement","PRX_Status__c":"Draft","Link":"https://proximus--prxitt.lightning.force.com/lightning/r/csconta__Frame_Agreement__c/a1p3M0000004WrJQAU/view"}]", source: https://proximus--prxitt.lightning.force.com/lightning/action/quick/modules/c/pRX_CustomFrameAgreementsRelatedList.js (4)
[23708:18740:1215/172130.713:INFO:CONSOLE(42)] "[object Proxy]", source: https://proximus--prxitt.lightning.force.com/lightning/action/quick/components/success/motivateNudges.js (42)
[23708:18740:1215/172130.718:INFO:CONSOLE(57)] "[object Proxy]", source: https://proximus--prxitt.lightning.force.com/lightning/action/quick/components/success/motivateTrophyCabinet.js (57)
[23708:18740:1215/172131.135:INFO:CONSOLE(154)] "[LEXI:navigator:communication] waiting for connection on page /apex/PRX_AccountTeamRelatedList", source: https://proximus--prxitt--c.visualforce.com/jslibrary/1595877224228/sfdc/AuraAlohaFrameNavigator.js (154)
[23708:18740:1215/172131.883:INFO:CONSOLE(155)] "[LEXI:navigator:communication] connection established on page /apex/PRX_AccountTeamRelatedList.  Lightning Message Service enabled: true", source: https://proximus--prxitt--c.visualforce.com/jslibrary/1595877224228/sfdc/AuraAlohaFrameNavigator.js (155)
[23708:18740:1215/172131.914:INFO:CONSOLE(0)] "Notifications permission has been blocked as the user has ignored the permission prompt several times. This can be reset in Page Info which can be accessed by clicking the lock icon next to the URL. See https://www.chromestatus.com/features/6443143280984064 for more information.", source: https://proximus--prxitt.lightning.force.com/lightning/action/quick/Account.PB_Opportunity?objectApiName=Opportunity&recordId=0013M000004hDSQQA2&backgroundContext=%2Flightning%2Fr%2FAccount%2F0013M000004hDSQQA2%2Fview (0)
[23708:18740:1215/172132.042:INFO:CONSOLE(37)] "[object Object]", source: https://proximus--prxitt.lightning.force.com/libraries/instrumentation/beaconLib.BeaconLibrary.js (37)
[23708:18740:1215/172137.511:INFO:CONSOLE(154)] "[LEXI:navigator:communication] waiting for connection on page /apex/PRX_AccountTeamRelatedList", source: https://proximus--prxitt--c.visualforce.com/jslibrary/1595877224228/sfdc/AuraAlohaFrameNavigator.js (154)
[23708:18740:1215/172137.742:INFO:CONSOLE(42)] "[object Proxy]", source: https://proximus--prxitt.lightning.force.com/lightning/action/quick/components/success/motivateNudges.js (42)
[23708:18740:1215/172138.470:INFO:CONSOLE(155)] "[LEXI:navigator:communication] connection established on page /apex/PRX_AccountTeamRelatedList.  Lightning Message Service enabled: true", source: https://proximus--prxitt--c.visualforce.com/jslibrary/1595877224228/sfdc/AuraAlohaFrameNavigator.js (155)
[23708:18740:1215/172138.792:INFO:CONSOLE(37)] "[object Object]", source: https://proximus--prxitt.lightning.force.com/libraries/instrumentation/beaconLib.BeaconLibrary.js (37)
[23708:18740:1215/172147.498:INFO:CONSOLE(1)] "<lightning-icon> Invalid icon name utility:", source: https://proximus--prxitt.lightning.force.com/components/lightning/icon.js (1)
[23708:18740:1215/172201.868:INFO:CONSOLE(116)] "[object Proxy]", source: https://proximus--prxitt.lightning.force.com/lightning/r/0013M000004hDSQQA2/related/Opportunities/components/success/motivatePerformance.js (116)
[23708:18740:1215/172201.870:INFO:CONSOLE(223)] "[object Proxy]", source: https://proximus--prxitt.lightning.force.com/lightning/r/0013M000004hDSQQA2/related/Opportunities/components/success/motivatePerformance.js (223)
[23708:18740:1215/172203.167:INFO:CONSOLE(0)] "Notifications permission has been blocked as the user has ignored the permission prompt several times. This can be reset in Page Info which can be accessed by clicking the lock icon next to the URL. See https://www.chromestatus.com/features/6443143280984064 for more information.", source: https://proximus--prxitt.lightning.force.com/lightning/r/0013M000004hDSQQA2/related/Opportunities/view (0)
[23708:18740:1215/172203.183:INFO:CONSOLE(37)] "[object Object]", source: https://proximus--prxitt.lightning.force.com/libraries/instrumentation/beaconLib.BeaconLibrary.js (37)
[23708:18740:1215/172205.512:INFO:CONSOLE(116)] "[object Proxy]", source: https://proximus--prxitt.lightning.force.com/lightning/r/Opportunity/0063M000002WmrEQAS/components/success/motivatePerformance.js (116)
[23708:18740:1215/172205.513:INFO:CONSOLE(223)] "[object Proxy]", source: https://proximus--prxitt.lightning.force.com/lightning/r/Opportunity/0063M000002WmrEQAS/components/success/motivatePerformance.js (223)
[23708:18740:1215/172207.226:INFO:CONSOLE(42)] "[object Proxy]", source: https://proximus--prxitt.lightning.force.com/lightning/r/Opportunity/0063M000002WmrEQAS/components/success/motivateNudges.js (42)
[23708:18740:1215/172207.231:INFO:CONSOLE(57)] "[object Proxy]", source: https://proximus--prxitt.lightning.force.com/lightning/r/Opportunity/0063M000002WmrEQAS/components/success/motivateTrophyCabinet.js (57)
[23708:18740:1215/172208.131:INFO:CONSOLE(0)] "Notifications permission has been blocked as the user has ignored the permission prompt several times. This can be reset in Page Info which can be accessed by clicking the lock icon next to the URL. See https://www.chromestatus.com/features/6443143280984064 for more information.", source: https://proximus--prxitt.lightning.force.com/lightning/r/Opportunity/0063M000002WmrEQAS/view (0)
[23708:18740:1215/172208.259:INFO:CONSOLE(37)] "[object Object]", source: https://proximus--prxitt.lightning.force.com/libraries/instrumentation/beaconLib.BeaconLibrary.js (37)
[23708:18740:1215/172210.397:INFO:CONSOLE(116)] "[object Proxy]", source: https://proximus--prxitt.lightning.force.com/lightning/r/cscfga__Product_Basket__c/0063M000002WmrEQAS/related/cscfga__Product_Baskets__r/components/success/motivatePerformance.js (116)
[23708:18740:1215/172210.398:INFO:CONSOLE(223)] "[object Proxy]", source: https://proximus--prxitt.lightning.force.com/lightning/r/cscfga__Product_Basket__c/0063M000002WmrEQAS/related/cscfga__Product_Baskets__r/components/success/motivatePerformance.js (223)
[23708:18740:1215/172211.440:INFO:CONSOLE(37)] "[object Object]", source: https://proximus--prxitt.lightning.force.com/libraries/instrumentation/beaconLib.BeaconLibrary.js (37)
[23708:18740:1215/172211.442:INFO:CONSOLE(0)] "Notifications permission has been blocked as the user has ignored the permission prompt several times. This can be reset in Page Info which can be accessed by clicking the lock icon next to the URL. See https://www.chromestatus.com/features/6443143280984064 for more information.", source: https://proximus--prxitt.lightning.force.com/lightning/r/cscfga__Product_Basket__c/0063M000002WmrEQAS/related/cscfga__Product_Baskets__r/view (0)
[23708:18740:1215/172212.771:INFO:CONSOLE(154)] "[LEXI:navigator:communication] waiting for connection on page /apex/NewBasketRedirect", source: https://proximus--prxitt--csbb.visualforce.com/jslibrary/1595877224228/sfdc/AuraAlohaFrameNavigator.js (154)
[23708:18740:1215/172212.886:INFO:CONSOLE(155)] "[LEXI:navigator:communication] connection established on page /apex/NewBasketRedirect.  Lightning Message Service enabled: true", source: https://proximus--prxitt--csbb.visualforce.com/jslibrary/1595877224228/sfdc/AuraAlohaFrameNavigator.js (155)
[23708:18740:1215/172212.959:INFO:CONSOLE(37)] "[object Object]", source: https://proximus--prxitt.lightning.force.com/libraries/instrumentation/beaconLib.BeaconLibrary.js (37)
[23708:18740:1215/172216.352:INFO:CONSOLE(154)] "[LEXI:navigator:communication] waiting for connection on page /apex/CSBasketRedirect", source: https://proximus--prxitt--csbb.visualforce.com/jslibrary/1595877224228/sfdc/AuraAlohaFrameNavigator.js (154)
[23708:18740:1215/172216.466:INFO:CONSOLE(155)] "[LEXI:navigator:communication] connection established on page /apex/CSBasketRedirect.  Lightning Message Service enabled: true", source: https://proximus--prxitt--csbb.visualforce.com/jslibrary/1595877224228/sfdc/AuraAlohaFrameNavigator.js (155)
[23708:18740:1215/172216.587:INFO:CONSOLE(37)] "[object Object]", source: https://proximus--prxitt.lightning.force.com/libraries/instrumentation/beaconLib.BeaconLibrary.js (37)
[23708:18740:1215/172217.108:INFO:CONSOLE(154)] "[LEXI:navigator:communication] waiting for connection on page /apex/basketbuilderapp", source: https://proximus--prxitt--csbb.visualforce.com/jslibrary/1595877224228/sfdc/AuraAlohaFrameNavigator.js (154)
[23708:18740:1215/172217.307:INFO:CONSOLE(155)] "[LEXI:navigator:communication] connection established on page /apex/basketbuilderapp.  Lightning Message Service enabled: true", source: https://proximus--prxitt--csbb.visualforce.com/jslibrary/1595877224228/sfdc/AuraAlohaFrameNavigator.js (155)
[23708:18740:1215/172253.704:WARNING:pref_notifier_impl.cc(40)] Pref observer for media_router.cast_allow_all_ips found at shutdown.
